<?xml version="1.0" encoding="UTF-8"?>
<robot generator="Robot 3.1.1 (Python 3.7.2 on win32)" generated="20190625 16:06:52.041" rpa="false">
<suite id="s1" name="添加班级" source="F:\lvyang\spj01\spj\tc\d-空白数据\班级管理\添加班级.robot">
<test id="s1-t1" name="添加班级1 - tc000001">
<kw name="delete all school classes" type="setup">
<msg timestamp="20190625 16:06:52.070" level="FAIL">No keyword with name 'delete all school classes' found.</msg>
<status status="FAIL" starttime="20190625 16:06:52.070" endtime="20190625 16:06:52.070"></status>
</kw>
<kw name="delete school class" type="teardown">
<arguments>
<arg>&amp;{ret1}[id]</arg>
</arguments>
<msg timestamp="20190625 16:06:52.071" level="FAIL">No keyword with name 'delete school class' found.</msg>
<status status="FAIL" starttime="20190625 16:06:52.071" endtime="20190625 16:06:52.071">No keyword with name 'delete school class' found.</status>
</kw>
<status status="FAIL" starttime="20190625 16:06:52.068" endtime="20190625 16:06:52.071" critical="yes">Setup failed:
No keyword with name 'delete all school classes' found.

Also teardown failed:
No keyword with name 'delete school class' found.</status>
</test>
<test id="s1-t2" name="添加班级2 - tc000002">
<kw name="delete all school classes" type="setup">
<msg timestamp="20190625 16:06:52.078" level="FAIL">No keyword with name 'delete all school classes' found.</msg>
<status status="FAIL" starttime="20190625 16:06:52.078" endtime="20190625 16:06:52.078"></status>
</kw>
<kw name="delete school class" type="teardown">
<arguments>
<arg>&amp;{ret1}[id]</arg>
</arguments>
<msg timestamp="20190625 16:06:52.080" level="FAIL">No keyword with name 'delete school class' found.</msg>
<status status="FAIL" starttime="20190625 16:06:52.080" endtime="20190625 16:06:52.080">No keyword with name 'delete school class' found.</status>
</kw>
<status status="FAIL" starttime="20190625 16:06:52.073" endtime="20190625 16:06:52.081" critical="yes">Setup failed:
No keyword with name 'delete all school classes' found.

Also teardown failed:
No keyword with name 'delete school class' found.</status>
</test>
<test id="s1-t3" name="添加班级3 - tc000003">
<kw name="delete all school classes" type="setup">
<msg timestamp="20190625 16:06:52.092" level="FAIL">No keyword with name 'delete all school classes' found.</msg>
<status status="FAIL" starttime="20190625 16:06:52.092" endtime="20190625 16:06:52.092"></status>
</kw>
<kw name="delete school class" type="teardown">
<arguments>
<arg>&amp;{ret1}[id]</arg>
</arguments>
<msg timestamp="20190625 16:06:52.094" level="FAIL">No keyword with name 'delete school class' found.</msg>
<status status="FAIL" starttime="20190625 16:06:52.094" endtime="20190625 16:06:52.094">No keyword with name 'delete school class' found.</status>
</kw>
<status status="FAIL" starttime="20190625 16:06:52.086" endtime="20190625 16:06:52.094" critical="yes">Setup failed:
No keyword with name 'delete all school classes' found.

Also teardown failed:
No keyword with name 'delete school class' found.</status>
</test>
<status status="FAIL" starttime="20190625 16:06:52.044" endtime="20190625 16:06:52.099"></status>
</suite>
<statistics>
<total>
<stat pass="0" fail="3">Critical Tests</stat>
<stat pass="0" fail="3">All Tests</stat>
</total>
<tag>
</tag>
<suite>
<stat pass="0" fail="3" id="s1" name="添加班级">添加班级</stat>
</suite>
</statistics>
<errors>
<msg timestamp="20190625 16:06:52.064" level="ERROR">Error in file 'F:\lvyang\spj01\spj\tc\d-空白数据\班级管理\添加班级.robot': Importing test library 'spj.pylib.SchoolClassLib' failed: ModuleNotFoundError: No module named 'spj'
Traceback (most recent call last):
  None
PYTHONPATH:
  E:\software\python\Scripts\robot.exe
  e:\software\python\python37.zip
  e:\software\python\DLLs
  e:\software\python\lib
  e:\software\python
  e:\software\python\lib\site-packages
  e:\software\python\lib\site-packages\win32
  e:\software\python\lib\site-packages\win32\lib
  e:\software\python\lib\site-packages\Pythonwin</msg>
</errors>
</robot>
