<?xml version="1.0" encoding="UTF-8"?>
<robot generator="Robot 3.1.1 (Python 3.7.2 on win32)" generated="20190625 17:35:10.804" rpa="false">
<suite id="s1" name="Tc" source="F:\lvyang\spj01\spj\tc">
<suite id="s1-s1" name="D-空白数据" source="F:\lvyang\spj01\spj\tc\d-空白数据">
<kw name="Delete All School Classes" library="pylib.SchoolClassLib" type="setup">
<msg timestamp="20190625 17:35:16.163" level="INFO">{'gradeid': None, 'retcode': 0, 'retlist': []}
{'gradeid': None, 'retcode': 0, 'retlist': []}
{'gradeid': 1, 'retcode': 0, 'retlist': []}
{'gradeid': 1, 'retcode': 0, 'retlist': []}</msg>
<status status="PASS" starttime="20190625 17:35:10.896" endtime="20190625 17:35:16.163"></status>
</kw>
<suite id="s1-s1-s1" name="班级管理" source="F:\lvyang\spj01\spj\tc\d-空白数据\班级管理">
<suite id="s1-s1-s1-s1" name="添加班级" source="F:\lvyang\spj01\spj\tc\d-空白数据\班级管理\添加班级.robot">
<test id="s1-s1-s1-s1-t1" name="添加班级1 - tc000001">
<kw name="Delete All School Classes" library="pylib.SchoolClassLib" type="setup">
<msg timestamp="20190625 17:35:16.387" level="INFO">{'gradeid': None, 'retcode': 0, 'retlist': []}
{'gradeid': None, 'retcode': 0, 'retlist': []}
{'gradeid': 1, 'retcode': 0, 'retlist': []}
{'gradeid': 1, 'retcode': 0, 'retlist': []}</msg>
<status status="PASS" starttime="20190625 17:35:16.191" endtime="20190625 17:35:16.388"></status>
</kw>
<kw name="Add School Class" library="pylib.SchoolClassLib">
<arguments>
<arg>1</arg>
<arg>1班</arg>
<arg>60</arg>
</arguments>
<assign>
<var>${ret1}</var>
</assign>
<msg timestamp="20190625 17:35:16.495" level="INFO">{'id': 158261, 'invitecode': '1582615329205', 'retcode': 0}</msg>
<msg timestamp="20190625 17:35:16.496" level="INFO">${ret1} = {'invitecode': '1582615329205', 'retcode': 0, 'id': 158261}</msg>
<status status="PASS" starttime="20190625 17:35:16.390" endtime="20190625 17:35:16.496"></status>
</kw>
<kw name="Should Be True" library="BuiltIn">
<doc>Fails if the given condition is not true.</doc>
<arguments>
<arg>$ret1['retcode']==0</arg>
</arguments>
<status status="PASS" starttime="20190625 17:35:16.497" endtime="20190625 17:35:16.504"></status>
</kw>
<kw name="List School Class" library="pylib.SchoolClassLib">
<arguments>
<arg>1</arg>
</arguments>
<assign>
<var>${ret2}</var>
</assign>
<msg timestamp="20190625 17:35:16.598" level="INFO">{ 'gradeid': 1,
  'retcode': 0,
  'retlist': [ { 'grade__name': '七年级',
                 'id': 158261,
                 'invitecode': '1582615329205',
                 'name': '1班',
                 'studentlimit': 60,
                 'studentnumber': 0,
                 'teacherlist': []}]}</msg>
<msg timestamp="20190625 17:35:16.599" level="INFO">${ret2} = {'gradeid': 1, 'retlist': [{'name': '1班', 'grade__name': '七年级', 'invitecode': '1582615329205', 'studentlimit': 60, 'studentnumber': 0, 'id': 158261, 'teacherlist': []}], 'retcode': 0}</msg>
<status status="PASS" starttime="20190625 17:35:16.505" endtime="20190625 17:35:16.599"></status>
</kw>
<kw name="Evaluate" library="BuiltIn">
<doc>Evaluates the given expression in Python and returns the results.</doc>
<arguments>
<arg>$ret2['retlist'][0]</arg>
</arguments>
<assign>
<var>${fc}</var>
</assign>
<msg timestamp="20190625 17:35:16.601" level="INFO">${fc} = {'name': '1班', 'grade__name': '七年级', 'invitecode': '1582615329205', 'studentlimit': 60, 'studentnumber': 0, 'id': 158261, 'teacherlist': []}</msg>
<status status="PASS" starttime="20190625 17:35:16.600" endtime="20190625 17:35:16.601"></status>
</kw>
<kw name="Should Be True" library="BuiltIn">
<doc>Fails if the given condition is not true.</doc>
<arguments>
<arg>$fc['id']==$ret1['id']</arg>
</arguments>
<status status="PASS" starttime="20190625 17:35:16.602" endtime="20190625 17:35:16.603"></status>
</kw>
<kw name="Should Be True" library="BuiltIn">
<doc>Fails if the given condition is not true.</doc>
<arguments>
<arg>$fc['invitecode']==$ret1['invitecode']</arg>
</arguments>
<status status="PASS" starttime="20190625 17:35:16.604" endtime="20190625 17:35:16.605"></status>
</kw>
<kw name="Delete School Class" library="pylib.SchoolClassLib" type="teardown">
<arguments>
<arg>&amp;{ret1}[id]</arg>
</arguments>
<status status="PASS" starttime="20190625 17:35:16.606" endtime="20190625 17:35:16.706"></status>
</kw>
<status status="PASS" starttime="20190625 17:35:16.188" endtime="20190625 17:35:16.706" critical="yes"></status>
</test>
<test id="s1-s1-s1-s1-t2" name="添加班级2 - tc000002">
<kw name="Delete All School Classes" library="pylib.SchoolClassLib" type="setup">
<msg timestamp="20190625 17:35:16.899" level="INFO">{'gradeid': None, 'retcode': 0, 'retlist': []}
{'gradeid': None, 'retcode': 0, 'retlist': []}
{'gradeid': 1, 'retcode': 0, 'retlist': []}
{'gradeid': 1, 'retcode': 0, 'retlist': []}</msg>
<status status="PASS" starttime="20190625 17:35:16.708" endtime="20190625 17:35:16.899"></status>
</kw>
<kw name="Add School Class" library="pylib.SchoolClassLib">
<arguments>
<arg>1</arg>
<arg>random.randint(1,999999)</arg>
<arg>65</arg>
</arguments>
<assign>
<var>${ret1}</var>
</assign>
<msg timestamp="20190625 17:35:17.007" level="INFO">{'id': 158262, 'invitecode': '1582626684188', 'retcode': 0}</msg>
<msg timestamp="20190625 17:35:17.007" level="INFO">${ret1} = {'invitecode': '1582626684188', 'retcode': 0, 'id': 158262}</msg>
<status status="PASS" starttime="20190625 17:35:16.900" endtime="20190625 17:35:17.007"></status>
</kw>
<kw name="Should Be True" library="BuiltIn">
<doc>Fails if the given condition is not true.</doc>
<arguments>
<arg>$ret1['retcode']==0</arg>
</arguments>
<status status="PASS" starttime="20190625 17:35:17.008" endtime="20190625 17:35:17.009"></status>
</kw>
<kw name="List School Class" library="pylib.SchoolClassLib">
<arguments>
<arg>1</arg>
</arguments>
<assign>
<var>${ret2}</var>
</assign>
<msg timestamp="20190625 17:35:17.102" level="INFO">{ 'gradeid': 1,
  'retcode': 0,
  'retlist': [ { 'grade__name': '七年级',
                 'id': 158262,
                 'invitecode': '1582626684188',
                 'name': 'random.randint(1,999999)',
                 'studentlimit': 65,
                 'studentnumber': 0,
                 'teacherlist': []}]}</msg>
<msg timestamp="20190625 17:35:17.102" level="INFO">${ret2} = {'gradeid': 1, 'retlist': [{'name': 'random.randint(1,999999)', 'grade__name': '七年级', 'invitecode': '1582626684188', 'studentlimit': 65, 'studentnumber': 0, 'id': 158262, 'teacherlist': []}], 'retcode...</msg>
<status status="PASS" starttime="20190625 17:35:17.009" endtime="20190625 17:35:17.102"></status>
</kw>
<kw name="Evaluate" library="BuiltIn">
<doc>Evaluates the given expression in Python and returns the results.</doc>
<arguments>
<arg>$ret2['retlist'][0]</arg>
</arguments>
<assign>
<var>${fc}</var>
</assign>
<msg timestamp="20190625 17:35:17.103" level="INFO">${fc} = {'name': 'random.randint(1,999999)', 'grade__name': '七年级', 'invitecode': '1582626684188', 'studentlimit': 65, 'studentnumber': 0, 'id': 158262, 'teacherlist': []}</msg>
<status status="PASS" starttime="20190625 17:35:17.103" endtime="20190625 17:35:17.103"></status>
</kw>
<kw name="Should Be True" library="BuiltIn">
<doc>Fails if the given condition is not true.</doc>
<arguments>
<arg>$fc['id']==$ret1['id']</arg>
</arguments>
<status status="PASS" starttime="20190625 17:35:17.104" endtime="20190625 17:35:17.104"></status>
</kw>
<kw name="Should Be True" library="BuiltIn">
<doc>Fails if the given condition is not true.</doc>
<arguments>
<arg>$fc['invitecode']==$ret1['invitecode']</arg>
</arguments>
<status status="PASS" starttime="20190625 17:35:17.104" endtime="20190625 17:35:17.105"></status>
</kw>
<kw name="Delete School Class" library="pylib.SchoolClassLib" type="teardown">
<arguments>
<arg>&amp;{ret1}[id]</arg>
</arguments>
<status status="PASS" starttime="20190625 17:35:17.106" endtime="20190625 17:35:17.206"></status>
</kw>
<status status="PASS" starttime="20190625 17:35:16.707" endtime="20190625 17:35:17.207" critical="yes"></status>
</test>
<test id="s1-s1-s1-s1-t3" name="添加班级3 - tc000003">
<kw name="Delete All School Classes" library="pylib.SchoolClassLib" type="setup">
<msg timestamp="20190625 17:35:17.400" level="INFO">{'gradeid': None, 'retcode': 0, 'retlist': []}
{'gradeid': None, 'retcode': 0, 'retlist': []}
{'gradeid': 1, 'retcode': 0, 'retlist': []}
{'gradeid': 1, 'retcode': 0, 'retlist': []}</msg>
<status status="PASS" starttime="20190625 17:35:17.208" endtime="20190625 17:35:17.400"></status>
</kw>
<kw name="Add School Class" library="pylib.SchoolClassLib">
<arguments>
<arg>1</arg>
<arg>1班</arg>
<arg>60</arg>
</arguments>
<assign>
<var>${ret1}</var>
</assign>
<msg timestamp="20190625 17:35:17.505" level="INFO">{'id': 158263, 'invitecode': '1582636787597', 'retcode': 0}</msg>
<msg timestamp="20190625 17:35:17.505" level="INFO">${ret1} = {'invitecode': '1582636787597', 'retcode': 0, 'id': 158263}</msg>
<status status="PASS" starttime="20190625 17:35:17.400" endtime="20190625 17:35:17.505"></status>
</kw>
<kw name="Should Be True" library="BuiltIn">
<doc>Fails if the given condition is not true.</doc>
<arguments>
<arg>$ret1['retcode']==0</arg>
</arguments>
<status status="PASS" starttime="20190625 17:35:17.506" endtime="20190625 17:35:17.506"></status>
</kw>
<kw name="List School Class" library="pylib.SchoolClassLib">
<arguments>
<arg>1</arg>
</arguments>
<assign>
<var>${ret2}</var>
</assign>
<msg timestamp="20190625 17:35:17.603" level="INFO">{ 'gradeid': 1,
  'retcode': 0,
  'retlist': [ { 'grade__name': '七年级',
                 'id': 158263,
                 'invitecode': '1582636787597',
                 'name': '1班',
                 'studentlimit': 60,
                 'studentnumber': 0,
                 'teacherlist': []}]}</msg>
<msg timestamp="20190625 17:35:17.603" level="INFO">${ret2} = {'gradeid': 1, 'retlist': [{'name': '1班', 'grade__name': '七年级', 'invitecode': '1582636787597', 'studentlimit': 60, 'studentnumber': 0, 'id': 158263, 'teacherlist': []}], 'retcode': 0}</msg>
<status status="PASS" starttime="20190625 17:35:17.506" endtime="20190625 17:35:17.603"></status>
</kw>
<kw name="Evaluate" library="BuiltIn">
<doc>Evaluates the given expression in Python and returns the results.</doc>
<arguments>
<arg>$ret2['retlist'][0]</arg>
</arguments>
<assign>
<var>${fc2}</var>
</assign>
<msg timestamp="20190625 17:35:17.604" level="INFO">${fc2} = {'name': '1班', 'grade__name': '七年级', 'invitecode': '1582636787597', 'studentlimit': 60, 'studentnumber': 0, 'id': 158263, 'teacherlist': []}</msg>
<status status="PASS" starttime="20190625 17:35:17.603" endtime="20190625 17:35:17.604"></status>
</kw>
<kw name="Add School Class" library="pylib.SchoolClassLib">
<arguments>
<arg>1</arg>
<arg>1班</arg>
<arg>60</arg>
</arguments>
<assign>
<var>${ret3}</var>
</assign>
<msg timestamp="20190625 17:35:17.703" level="INFO">{ 'reason': 'Traceback (most recent call last):\n'
            '  File '
            '"/home/yjyx/yijiao_src/yijiao_main/services/datamodel/schoolclass/models.py", '
            'line 542, in addClass\n'
            '    school_class = '
            'self._addClass(name,schoolid,gradeid,studentlimit)\n'
            '  File '
            '"/home/yjyx/yijiao_src/yijiao_main/services/datamodel/schoolclass/models.py", '
            'line 531, in _addClass\n'
            '    school_class.save()\n'
            '  File '
            '"/usr/local/lib/python2.7/site-packages/django/db/models/base.py", '
            'line 710, in save\n'
            '    force_update=force_update, update_fields=update_fields)\n'
            '  File '
            '"/usr/local/lib/python2.7/site-packages/django/db/models/base.py", '
            'line 738, in save_base\n'
            '    updated = self._save_table(raw, cls, force_insert, '
            'force_update, using, update_fields)\n'
            '  File '
            '"/usr/local/lib/python2.7/site-packages/django/db/models/base.py", '
            'line 822, in _save_table\n'
            '    result = self._do_insert(cls._base_manager, using, fields, '
            'update_pk, raw)\n'
            '  File '
            '"/usr/local/lib/python2.7/site-packages/django/db/models/base.py", '
            'line 861, in _do_insert\n'
            '    using=using, raw=raw)\n'
            '  File '
            '"/usr/local/lib/python2.7/site-packages/django/db/models/manager.py", '
            'line 127, in manager_method\n'
            '    return getattr(self.get_queryset(), name)(*args, **kwargs)\n'
            '  File '
            '"/usr/local/lib/python2.7/site-packages/django/db/models/query.py", '
            'line 920, in _insert\n'
            '    return '
            'query.get_compiler(using=using).execute_sql(return_id)\n'
            '  File '
            '"/usr/local/lib/python2.7/site-packages/django/db/models/sql/compiler.py", '
            'line 974, in execute_sql\n'
            '    cursor.execute(sql, params)\n'
            '  File '
            '"/usr/local/lib/python2.7/site-packages/django/db/backends/utils.py", '
            'line 64, in execute\n'
            '    return self.cursor.execute(sql, params)\n'
            '  File '
            '"/usr/local/lib/python2.7/site-packages/django/db/utils.py", line '
            '97, in __exit__\n'
            '    six.reraise(dj_exc_type, dj_exc_value, traceback)\n'
            '  File '
            '"/usr/local/lib/python2.7/site-packages/django/db/backends/utils.py", '
            'line 64, in execute\n'
            '    return self.cursor.execute(sql, params)\n'
            '  File '
            '"/usr/local/lib/python2.7/site-packages/django/db/backends/mysql/base.py", '
            'line 124, in execute\n'
            '    return self.cursor.execute(query, args)\n'
            '  File '
            '"/usr/local/lib/python2.7/site-packages/MySQLdb/cursors.py", line '
            '205, in execute\n'
            '    self.errorhandler(self, exc, value)\n'
            '  File '
            '"/usr/local/lib/python2.7/site-packages/MySQLdb/connections.py", '
            'line 36, in defaulterrorhandler\n'
            '    raise errorclass, errorvalue\n'
            'IntegrityError: (1062, "Duplicate entry '
            '\'1\\xe7\\x8f\\xad-544-1\' for key \'name\'")\n',
  'retcode': 1}</msg>
<msg timestamp="20190625 17:35:17.703" level="INFO">${ret3} = {'reason': 'Traceback (most recent call last):\n  File "/home/yjyx/yijiao_src/yijiao_main/services/datamodel/schoolclass/models.py", line 542, in addClass\n    school_class = self._addClass(name,schoo...</msg>
<status status="PASS" starttime="20190625 17:35:17.604" endtime="20190625 17:35:17.703"></status>
</kw>
<kw name="Should Be True" library="BuiltIn">
<doc>Fails if the given condition is not true.</doc>
<arguments>
<arg>$ret3['retcode']==1</arg>
</arguments>
<status status="PASS" starttime="20190625 17:35:17.703" endtime="20190625 17:35:17.704"></status>
</kw>
<kw name="List School Class" library="pylib.SchoolClassLib">
<arguments>
<arg>1</arg>
</arguments>
<assign>
<var>${ret4}</var>
</assign>
<msg timestamp="20190625 17:35:17.802" level="INFO">{ 'gradeid': 1,
  'retcode': 0,
  'retlist': [ { 'grade__name': '七年级',
                 'id': 158263,
                 'invitecode': '1582636787597',
                 'name': '1班',
                 'studentlimit': 60,
                 'studentnumber': 0,
                 'teacherlist': []}]}</msg>
<msg timestamp="20190625 17:35:17.802" level="INFO">${ret4} = {'gradeid': 1, 'retlist': [{'name': '1班', 'grade__name': '七年级', 'invitecode': '1582636787597', 'studentlimit': 60, 'studentnumber': 0, 'id': 158263, 'teacherlist': []}], 'retcode': 0}</msg>
<status status="PASS" starttime="20190625 17:35:17.704" endtime="20190625 17:35:17.802"></status>
</kw>
<kw name="Evaluate" library="BuiltIn">
<doc>Evaluates the given expression in Python and returns the results.</doc>
<arguments>
<arg>$ret4['retlist'][0]</arg>
</arguments>
<assign>
<var>${fc4}</var>
</assign>
<msg timestamp="20190625 17:35:17.803" level="INFO">${fc4} = {'name': '1班', 'grade__name': '七年级', 'invitecode': '1582636787597', 'studentlimit': 60, 'studentnumber': 0, 'id': 158263, 'teacherlist': []}</msg>
<status status="PASS" starttime="20190625 17:35:17.802" endtime="20190625 17:35:17.803"></status>
</kw>
<kw name="Should Be True" library="BuiltIn">
<doc>Fails if the given condition is not true.</doc>
<arguments>
<arg>$ret2['retlist'][0]==$ret4['retlist'][0]</arg>
</arguments>
<status status="PASS" starttime="20190625 17:35:17.803" endtime="20190625 17:35:17.804"></status>
</kw>
<kw name="Delete School Class" library="pylib.SchoolClassLib" type="teardown">
<arguments>
<arg>&amp;{ret1}[id]</arg>
</arguments>
<status status="PASS" starttime="20190625 17:35:17.805" endtime="20190625 17:35:17.907"></status>
</kw>
<status status="PASS" starttime="20190625 17:35:17.207" endtime="20190625 17:35:17.907" critical="yes"></status>
</test>
<status status="PASS" starttime="20190625 17:35:16.176" endtime="20190625 17:35:17.908"></status>
</suite>
<status status="PASS" starttime="20190625 17:35:16.163" endtime="20190625 17:35:17.909"></status>
</suite>
<status status="PASS" starttime="20190625 17:35:10.827" endtime="20190625 17:35:17.913"></status>
</suite>
<status status="PASS" starttime="20190625 17:35:10.808" endtime="20190625 17:35:17.916"></status>
</suite>
<statistics>
<total>
<stat pass="3" fail="0">Critical Tests</stat>
<stat pass="3" fail="0">All Tests</stat>
</total>
<tag>
</tag>
<suite>
<stat pass="3" fail="0" id="s1" name="Tc">Tc</stat>
<stat pass="3" fail="0" id="s1-s1" name="D-空白数据">Tc.D-空白数据</stat>
<stat pass="3" fail="0" id="s1-s1-s1" name="班级管理">Tc.D-空白数据.班级管理</stat>
<stat pass="3" fail="0" id="s1-s1-s1-s1" name="添加班级">Tc.D-空白数据.班级管理.添加班级</stat>
</suite>
</statistics>
<errors>
</errors>
</robot>
